\\mac\home\documents\775-do\project 1\project1 2\project1\x64\debug\textsearchcom.lib
\\mac\home\documents\775-do\project 1\project1 2\project1\x64\debug\textsearchcom.exp
\\mac\home\documents\775-do\project 1\project1 2\project1\x64\debug\textsearchcom.ilk
\\mac\home\documents\775-do\project 1\project1 2\project1\x64\debug\textsearchcom.dll
\\mac\home\documents\775-do\project 1\project1 2\project1\x64\debug\textsearchcom.pdb
\\mac\home\documents\775-do\project 1\project1 2\project1\textsearchcom\x64\debug\textsearchcom.tlb
\\mac\home\documents\775-do\project 1\project1 2\project1\textsearchcom\textsearchcom_p.c
\\mac\home\documents\775-do\project 1\project1 2\project1\textsearchcom\textsearchcom_i.c
\\mac\home\documents\775-do\project 1\project1 2\project1\textsearchcom\textsearchcom_i.h
\\mac\home\documents\775-do\project 1\project1 2\project1\textsearchcom\x64\debug\textsearchcom.res
\\mac\home\documents\775-do\project 1\project1 2\project1\textsearchcom\x64\debug\textsearchcom.pch
\\mac\home\documents\775-do\project 1\project1 2\project1\textsearchcom\x64\debug\vc141.pdb
\\mac\home\documents\775-do\project 1\project1 2\project1\textsearchcom\x64\debug\vc141.idb
\\mac\home\documents\775-do\project 1\project1 2\project1\textsearchcom\x64\debug\stdafx.obj
\\mac\home\documents\775-do\project 1\project1 2\project1\textsearchcom\x64\debug\dllmain.obj
\\mac\home\documents\775-do\project 1\project1 2\project1\textsearchcom\x64\debug\textsearchcom.obj
\\mac\home\documents\775-do\project 1\project1 2\project1\textsearchcom\x64\debug\textsearchcomobj.obj
\\mac\home\documents\775-do\project 1\project1 2\project1\textsearchcom\x64\debug\textsearchcom_i.obj
\\mac\home\documents\775-do\project 1\project1 2\project1\textsearchcom\x64\debug\xdlldata.obj
\\mac\home\documents\775-do\project 1\project1 2\project1\textsearchcom\x64\debug\textsearchcom.tlog\textsearchcom.write.1u.tlog
\\mac\home\documents\775-do\project 1\project1 2\project1\textsearchcom\x64\debug\textsearchcom.tlog\link.read.1.tlog
\\mac\home\documents\775-do\project 1\project1 2\project1\textsearchcom\x64\debug\textsearchcom.tlog\link.command.1.tlog
\\mac\home\documents\775-do\project 1\project1 2\project1\textsearchcom\x64\debug\textsearchcom.tlog\rc.command.1.tlog
\\mac\home\documents\775-do\project 1\project1 2\project1\textsearchcom\x64\debug\textsearchcom.tlog\link.write.1.tlog
\\mac\home\documents\775-do\project 1\project1 2\project1\textsearchcom\x64\debug\textsearchcom.tlog\midl.write.1.tlog
\\mac\home\documents\775-do\project 1\project1 2\project1\textsearchcom\x64\debug\textsearchcom.tlog\cl.read.1.tlog
\\mac\home\documents\775-do\project 1\project1 2\project1\textsearchcom\x64\debug\textsearchcom.tlog\rc.write.1.tlog
\\mac\home\documents\775-do\project 1\project1 2\project1\textsearchcom\x64\debug\textsearchcom.tlog\midl.read.1.tlog
\\mac\home\documents\775-do\project 1\project1 2\project1\textsearchcom\x64\debug\textsearchcom.tlog\cl.command.1.tlog
\\mac\home\documents\775-do\project 1\project1 2\project1\textsearchcom\x64\debug\textsearchcom.tlog\rc.read.1.tlog
\\mac\home\documents\775-do\project 1\project1 2\project1\textsearchcom\x64\debug\textsearchcom.tlog\cl.write.1.tlog
\\mac\home\documents\775-do\project 1\project1 2\project1\textsearchcom\x64\debug\textsearchcom.tlog\midl.command.1.tlog
