\\mac\home\documents\775-do\project 1\project1 2\project1\x64\debug\filemgrcom.ilk
\\mac\home\documents\775-do\project 1\project1 2\project1\x64\debug\filemgrcom.dll
\\mac\home\documents\775-do\project 1\project1 2\project1\x64\debug\filemgrcom.pdb
\\mac\home\documents\775-do\project 1\project1 2\project1\filemgrcom\x64\debug\filemgrcom.tlb
\\mac\home\documents\775-do\project 1\project1 2\project1\filemgrcom\filemgrcom_p.c
\\mac\home\documents\775-do\project 1\project1 2\project1\filemgrcom\filemgrcom_i.c
\\mac\home\documents\775-do\project 1\project1 2\project1\filemgrcom\filemgrcom_i.h
\\mac\home\documents\775-do\project 1\project1 2\project1\filemgrcom\x64\debug\filemgrcom.res
\\mac\home\documents\775-do\project 1\project1 2\project1\filemgrcom\x64\debug\filemgrcom.pch
\\mac\home\documents\775-do\project 1\project1 2\project1\filemgrcom\x64\debug\vc141.pdb
\\mac\home\documents\775-do\project 1\project1 2\project1\filemgrcom\x64\debug\vc141.idb
\\mac\home\documents\775-do\project 1\project1 2\project1\filemgrcom\x64\debug\stdafx.obj
\\mac\home\documents\775-do\project 1\project1 2\project1\filemgrcom\x64\debug\dllmain.obj
\\mac\home\documents\775-do\project 1\project1 2\project1\filemgrcom\x64\debug\filemgrcom.obj
\\mac\home\documents\775-do\project 1\project1 2\project1\filemgrcom\x64\debug\filemgrcomobj.obj
\\mac\home\documents\775-do\project 1\project1 2\project1\filemgrcom\x64\debug\filemgrcom_i.obj
\\mac\home\documents\775-do\project 1\project1 2\project1\filemgrcom\x64\debug\xdlldata.obj
\\mac\home\documents\775-do\project 1\project1 2\project1\x64\debug\filemgrcom.lib
\\mac\home\documents\775-do\project 1\project1 2\project1\x64\debug\filemgrcom.exp
\\mac\home\documents\775-do\project 1\project1 2\project1\filemgrcom\x64\debug\filemgrcom.tlog\link.read.1.tlog
\\mac\home\documents\775-do\project 1\project1 2\project1\filemgrcom\x64\debug\filemgrcom.tlog\link.command.1.tlog
\\mac\home\documents\775-do\project 1\project1 2\project1\filemgrcom\x64\debug\filemgrcom.tlog\rc.command.1.tlog
\\mac\home\documents\775-do\project 1\project1 2\project1\filemgrcom\x64\debug\filemgrcom.tlog\link.write.1.tlog
\\mac\home\documents\775-do\project 1\project1 2\project1\filemgrcom\x64\debug\filemgrcom.tlog\midl.write.1.tlog
\\mac\home\documents\775-do\project 1\project1 2\project1\filemgrcom\x64\debug\filemgrcom.tlog\cl.read.1.tlog
\\mac\home\documents\775-do\project 1\project1 2\project1\filemgrcom\x64\debug\filemgrcom.tlog\rc.write.1.tlog
\\mac\home\documents\775-do\project 1\project1 2\project1\filemgrcom\x64\debug\filemgrcom.tlog\midl.read.1.tlog
\\mac\home\documents\775-do\project 1\project1 2\project1\filemgrcom\x64\debug\filemgrcom.tlog\cl.command.1.tlog
\\mac\home\documents\775-do\project 1\project1 2\project1\filemgrcom\x64\debug\filemgrcom.tlog\rc.read.1.tlog
\\mac\home\documents\775-do\project 1\project1 2\project1\filemgrcom\x64\debug\filemgrcom.tlog\cl.write.1.tlog
\\mac\home\documents\775-do\project 1\project1 2\project1\filemgrcom\x64\debug\filemgrcom.tlog\filemgrcom.write.1u.tlog
\\mac\home\documents\775-do\project 1\project1 2\project1\filemgrcom\x64\debug\filemgrcom.tlog\midl.command.1.tlog
